-- IMPORTS
Engine
Engine.SkillAction_LocateEffect
LineageEffect
Engine.SkillVisualEffect
Core.Package
Core
LineageEffect.e_u831_b
LineageEffect.at_fatal_strike_ca
LineageEffect.el_flame_strike_ta
LineageEffect.at_fatal_strike_ta
LineageEffect.su_empower_ca
LineageEffect.wh_heal_ca
LineageEffect.wh_recharge_ta
LineageEffect.bl_berserker_spirit_ca
LineageEffect.bl_curse_poison_ta
LineageEffect.wh_sec_heal_ca
LineageEffect.at_shock_blast_ca
LineageEffect.el_flame_strike_ca
LineageEffect.el_flame_strike_ra
LineageEffect.bl_poison_cloud_ta
LineageEffect.at_shield_stun_cs
LineageEffect.s_u804_a_ta
LineageEffect.ph_hate_ta
LineageEffect.sa_mass_frenzy_ca
LineageEffect.at_stun_attack_ta
LineageEffect.sa_mass_frenzy_ta
LineageEffect.sa_mass_frenzy_cs
LineageEffect.el_flame_strike_fl
LineageEffect.wh_greater_heal_ta
LineageEffect.wh_heal_ta
LineageEffect.el_aura_burn_ca
LineageEffect.su_summon_a_ca
LineageEffect.s_u804_c_ca
LineageEffect.su_empower_ta
LineageEffect.e_u832_new_ca
LineageEffect.su_focus_ta
LineageEffect.el_aqua_swirl_ca
LineageEffect.su_might_ta
LineageEffect.s_u804_a_ca
LineageEffect.su_detection_ta
LineageEffect.el_aura_flare_ta
LineageEffect.el_eruption_cs
LineageEffect.bl_berserker_spirit_ta
LineageEffect.el_eruption_ta
LineageEffect.at_stun_attack_ca
LineageEffect.at_sting_ta
LineageEffect.el_flame_strike_pr
LineageEffect.s_u807_ta
LineageEffect.wh_bless_the_body_ta
LineageEffect.wh_cure_poison_ta
LineageEffect.wh_disrupt_undead_ta
LineageEffect.el_hurricane_ta
LineageEffect.rm_self_blaster_ra
LineageEffect.pm_lightening_strike_ta
LineageEffect.at_shield_stun_ta
LineageEffect.mp_super_strike_a_cs
LineageEffect.mp_super_strike_a_ca
LineageEffect.at_fatal_strike_cs
LineageEffect.mo_battle_roar_ta
LineageEffect.su_haste_ta
LineageEffect.el_twister_ca
LineageEffect.wh_resurrection_ta
LineageEffect.at_shock_blast_ra
LineageEffect.wh_mental_shield_ta
LineageEffect.wh_magic_barrier_ta
LineageEffect.at_shock_blast_ta
LineageEffect.at_sonic_blast_ta
LineageEffect.wh_bless_the_soul_ta
LineageEffect.at_sting_ca
LineageEffect.at_sting_cs
LineageEffect.s_u807_mage_ca
LineageEffect.s_u806_ta
LineageEffect.s_u806_ca
LineageEffect.su_sleep_ta
LineageEffect.dw_spoil_ta
LineageEffect.su_guidance_ta
LineageEffect.su_death_whisper_ta
LineageEffect.e_u828_conestone_ta
LineageEffect.su_concentration_ta
LineageEffect.su_acumen_ta
LineageEffect.sp_wind_walk_ta
LineageEffect.sp_dryad_root_ta
LineageEffect.e_u832
LineageEffect.e_u832_ca
LineageEffect.el_ice_dagger_ta
LineageEffect.sp_decay_ca
LineageEffect.sp_agility_ta
LineageEffect.sp_agility_ca
LineageEffect.el_hurricane_fl
LineageEffect.it_scroll_of_escape_ta
LineageEffect.it_soul_shot_d_ca
LineageEffect.el_hurricane_pr
LineageEffect.ra_ice_fairy_ta
LineageEffect.ph_howl_ta
LineageEffect.mb_frintessa_ghost_drain
LineageEffect.wh_regeneration_ta
LineageEffect.el_ice_bolt_ta
LineageEffect.mp_super_strike_a_co
LineageEffect.el_ice_dagger_ca
LineageEffect.mo_war_cry_ta
LineageEffect.mo_vengence_ra
LineageEffect.mo_ultimate_defence_ta
LineageEffect.el_ice_dagger_fl
LineageEffect.at_mortal_blow_cs
LineageEffect.mb_valakas_breath_ta
LineageEffect.mo_focus_sonic_ta
LineageEffect.mo_dash_ca
LineageEffect.el_ice_dagger_pr
LineageEffect.mo_battle_roar_ca
LineageEffect.md_aura_burn_a_ta
LineageEffect.mb_valakas_tail_ca
LineageEffect.mo_dash_ta
LineageEffect.mo_focus_sonic_ca
LineageEffect.mb_valakas_lash_ca
LineageEffect.mo_iron_will_ca
LineageEffect.mo_iron_will_ta
LineageEffect.mo_majesty_ca
LineageEffect.mo_majesty_ta
LineageEffect.mb_valakas_breath_low_fo
LineageEffect.mo_rapid_shot_ta
LineageEffect.mo_reflect_damage_ca
LineageEffect.mb_valakas_breath_low_fl
LineageEffect.mo_ultimate_defence_a_ca
LineageEffect.mo_ultimate_defence_ca
LineageEffect.mo_ultimate_defence_cs
LineageEffect.mb_valakas_breath_high_fl
LineageEffect.mo_vengence_ca
LineageEffect.mb_frintessa_trance_a_to
LineageEffect.mo_war_cry_ca
LineageEffect.mb_frintessa_trance_a_ta
LineageEffect.mb_frintessa_trance_a_ra
LineageEffect.mb_frintessa_portal_b
LineageEffect.mb_frintessa_portal_a
LineageEffect.mp_super_strike_a_ta
LineageEffect.mp_super_strike_b_ca
LineageEffect.mp_super_strike_b_ta
LineageEffect.mu_lilim_drain_boss_ca
LineageEffect.mu_lilim_drain_boss_cs
LineageEffect.mu_lilim_drain_boss_ta
LineageEffect.mu_poison_earthquake_ta
LineageEffect.mu_wyvern_breath_fl
LineageEffect.mu_wyvern_breath_ta
LineageEffect.m_u009_a
LineageEffect.m_u009_c
LineageEffect.mb_frintessa_normal_a_ta
LineageEffect.oa_force_rage_fl
LineageEffect.oa_force_rage_ta
LineageEffect.ph_dance_of_concentration_ta
LineageEffect.ph_dance_of_fire_ta
LineageEffect.ph_dance_of_fury_ta
LineageEffect.ph_dance_of_inspiration_ta
LineageEffect.ph_dance_of_light_ta
LineageEffect.ph_dance_of_medusa_ta
LineageEffect.ph_dance_of_mystic_ta
LineageEffect.ph_dance_of_warrior_ta
LineageEffect.ph_hate_ca
LineageEffect.el_ice_bolt_ca
LineageEffect.ph_howl_ca
LineageEffect.mb_frintessa_ghost_clamp_to
LineageEffect.ph_song_of_earth_ta
LineageEffect.ph_song_of_hunter_ta
LineageEffect.ph_song_of_invocation_ta
LineageEffect.ph_song_of_life_ta
LineageEffect.ph_song_of_meditation_ta
LineageEffect.ph_song_of_warding_ta
LineageEffect.ph_song_of_wind_ta
LineageEffect.ph_zero_g_ta
LineageEffect.el_hydro_blast_ta
LineageEffect.py_npc_strike_ca
LineageEffect.p_u004_a
LineageEffect.mb_frintessa_drain_ta
LineageEffect.rm_self_blaster_ca
LineageEffect.el_hydro_blast_ca
LineageEffect.sa_mass_frenzy_a_ta
LineageEffect.it_spirit_shot_d_ca
LineageEffect.it_scroll_of_escape_ca
LineageEffect.el_eruption_ra
LineageEffect.it_quick_step_potion_ta
LineageEffect.it_healing_potion_ta
LineageEffect.it_antidote_ta
LineageEffect.sp_decay_ta
LineageEffect.at_shield_slam_ca
LineageEffect.sp_prophecy_of_fire_ca
LineageEffect.sp_prophecy_of_fire_ta
LineageEffect.e_u829_ta
LineageEffect.e_u829_ca_a
LineageEffect.e_u828_ta
LineageEffect.e_u828_ca
LineageEffect.el_aura_burn_ta
LineageEffect.el_aqua_swirl_ta
LineageEffect.el_aqua_swirl_pt
LineageEffect.su_empower_third_ca
LineageEffect.su_empower_third_ta
LineageEffect.el_aqua_swirl_pr
LineageEffect.e_u544_levelup_ca
LineageEffect.el_aqua_swirl_fl
LineageEffect.e_u528_ta_bigsize_b
LineageEffect.e_u004_a
LineageEffect.dw_spoil_ca
LineageEffect.s_devotion_of_shine_ta
LineageEffect.ch_gourd_death_long
LineageEffect.bl_body_to_mind_ta
LineageEffect.bl_body_to_mind_ca
LineageEffect.s_u805_ca_third
LineageEffect.s_u805_channeling_beam
LineageEffect.s_u805_channeling_mesh
LineageEffect.etc_strider_breath
LineageEffect.s_u806_channeling_beam
LineageEffect.s_u806_channeling_mesh
LineageEffect.s_u806_cs
LineageEffect.el_wind_strike_ta
LineageEffect.s_u807_fighter_ca
LineageEffect.s_u807_fl
LineageEffect.el_wind_strike_pr
LineageEffect.el_wind_strike_fl
LineageEffect.wh_balance_life_ta
LineageEffect.el_wind_strike_ca
LineageEffect.el_twister_ta
LineageEffect.at_sonic_rage_ta
LineageEffect.at_sonic_rage_fl
LineageEffect.el_twister_pr
LineageEffect.at_sonic_blast_fl
LineageEffect.el_twister_fl
LineageEffect.wh_holy_weapon_ta
LineageEffect.el_prominence_ca
LineageEffect.el_prominence_ta
LineageEffect.el_prominence_fl
LineageEffect.oa_force_rage_ca
LineageEffect.el_prominence_cs
LineageEffect.at_shield_stun_ca
LineageEffect.wh_shield_ta
LineageEffect.wh_shield_to
LineageEffect.at_mortal_blow_ca
LineageEffect.mo_reflect_damage_ta
LineageEffect.at_shield_slam_ta
LineageEffect.mo_rapid_shot_ca
LineageEffect.at_bluff_ta
LineageEffect.at_bluff_cs
LineageEffect.at_bluff_ca
LineageEffect.ab_bleeding
-- EXPORTS
mb.SkillAction_LocateEffect74
mb.SkillAction_LocateEffect54
mm.SkillAction_LocateEffect19
phenomenon.SkillAction_LocateEffect3
phenomenon.SkillAction_LocateEffect1
mb.SkillAction_LocateEffect15
sp.SkillAction_LocateEffect6
Hero.SkillAction_LocateEffect2
mm.SkillAction_LocateEffect4
raid.SkillAction_LocateEffect4
at.SkillAction_LocateEffect54
sp.SkillAction_LocateEffect1
mb.SkillAction_LocateEffect51
el.SkillAction_LocateEffect21
Mo.SkillAction_LocateEffect57
sa.SkillAction_LocateEffect2
mm.SkillAction_LocateEffect2
mb.SkillAction_LocateEffect71
sa.SkillAction_LocateEffect0
wh.SkillAction_LocateEffect1
it.SkillAction_LocateEffect7
mb.SkillAction_LocateEffect42
at.SkillAction_LocateEffect6
mb.SkillAction_LocateEffect79
mb.SkillAction_LocateEffect45
sp.SkillAction_LocateEffect3
mb.SkillAction_LocateEffect57
qu.SkillAction_LocateEffect6
dp.SkillAction_LocateEffect1
dp.SkillAction_LocateEffect0
at.SkillAction_LocateEffect16
mb.SkillAction_LocateEffect39
sa.SkillAction_LocateEffect7
bl.SkillAction_LocateEffect29
wh.SkillAction_LocateEffect4
White.SkillAction_LocateEffect9
moment.SkillAction_LocateEffect5
mu.SkillAction_LocateEffect12
White.SkillAction_LocateEffect16
White.SkillAction_LocateEffect29
dp.SkillAction_LocateEffect3
mu.SkillAction_LocateEffect32
mu.SkillAction_LocateEffect25
mb.SkillAction_LocateEffect16
Mo.SkillAction_LocateEffect56
qu.SkillAction_LocateEffect8
White.SkillAction_LocateEffect12
mu.SkillAction_LocateEffect4
el.SkillAction_LocateEffect49
sa.SkillAction_LocateEffect20
mm.SkillAction_LocateEffect21
bl.SkillAction_LocateEffect3
su.SkillAction_LocateEffect5
wh.SkillAction_LocateEffect26
mu.SkillAction_LocateEffect27
dp.SkillAction_LocateEffect49
el.SkillAction_LocateEffect25
da.SkillAction_LocateEffect0
qu.SkillAction_LocateEffect5
item.SkillAction_LocateEffect4
White.SkillAction_LocateEffect28
bl.SkillAction_LocateEffect10
mm.SkillAction_LocateEffect14
mb.SkillAction_LocateEffect18
mu.SkillAction_LocateEffect0
raid.SkillAction_LocateEffect6
raid.SkillAction_LocateEffect2
it.SkillAction_LocateEffect3
mob_pysical.SkillAction_LocateEffect12
da.SkillAction_LocateEffect2
mb.SkillAction_LocateEffect2
mb.SkillAction_LocateEffect12
su.SkillAction_LocateEffect20
el.SkillAction_LocateEffect41
mm.SkillAction_LocateEffect25
mu.SkillAction_LocateEffect29
py.SkillAction_LocateEffect7
mb.SkillAction_LocateEffect55
White.SkillAction_LocateEffect10
mob_pysical.SkillAction_LocateEffect8
mb.SkillAction_LocateEffect46
mu.SkillAction_LocateEffect10
su.SkillAction_LocateEffect10
py.SkillAction_LocateEffect11
mb.SkillAction_LocateEffect8
attack.SkillAction_LocateEffect2
mob_pysical.SkillAction_LocateEffect6
moment.SkillAction_LocateEffect3
it.SkillAction_LocateEffect11
mu.SkillAction_LocateEffect31
mob_pysical.SkillAction_LocateEffect11
at.SkillAction_LocateEffect60
Mo.SkillAction_LocateEffect8
recovery.SkillAction_LocateEffect2
oa.SkillAction_LocateEffect0
el.SkillAction_LocateEffect14
at.SkillAction_LocateEffect1
at.SkillAction_LocateEffect3
mb.SkillAction_LocateEffect52
dp.SkillAction_LocateEffect51
mob_pysical.SkillAction_LocateEffect9
el.SkillAction_LocateEffect44
oa.SkillAction_LocateEffect2
pm.SkillAction_LocateEffect0
at.SkillAction_LocateEffect58
mm.SkillAction_LocateEffect13
el.SkillAction_LocateEffect26
ms.SkillAction_LocateEffect9
ms.SkillAction_LocateEffect6
el.SkillAction_LocateEffect29
mb.SkillAction_LocateEffect47
White.SkillAction_LocateEffect23
at.SkillAction_LocateEffect9
el.SkillAction_LocateEffect4
Mo.SkillAction_LocateEffect6
mu.SkillAction_LocateEffect17
el.SkillAction_LocateEffect10
py.SkillAction_LocateEffect22
el.SkillAction_LocateEffect39
dp.SkillAction_LocateEffect52
el.SkillAction_LocateEffect0
item.SkillAction_LocateEffect75
mb.SkillAction_LocateEffect60
mb.SkillAction_LocateEffect4
el.SkillAction_LocateEffect6
el.SkillAction_LocateEffect43
White.SkillAction_LocateEffect31
mb.SkillAction_LocateEffect67
Mo.SkillAction_LocateEffect12
el.SkillAction_LocateEffect5
White.SkillAction_LocateEffect24
mb.SkillAction_LocateEffect23
Mo.SkillAction_LocateEffect11
White.SkillAction_LocateEffect35
mb.SkillAction_LocateEffect17
mb.SkillAction_LocateEffect28
qu.SkillAction_LocateEffect14
White.SkillAction_LocateEffect8
mb.SkillAction_LocateEffect22
da.SkillAction_LocateEffect1
mob_pysical.SkillAction_LocateEffect10
mu.SkillAction_LocateEffect21
mm.SkillAction_LocateEffect1
su.SkillAction_LocateEffect17
no.SkillAction_LocateEffect0
wh.SkillAction_LocateEffect5
mu.SkillAction_LocateEffect18
sm.SkillAction_LocateEffect0
su.SkillAction_LocateEffect21
el.SkillAction_LocateEffect30
py.SkillAction_LocateEffect0
at.SkillAction_LocateEffect15
mob_pysical.SkillAction_LocateEffect13
White.SkillAction_LocateEffect18
White.SkillAction_LocateEffect22
mb.SkillAction_LocateEffect72
el.SkillAction_LocateEffect40
mu.SkillAction_LocateEffect16
phenomenon.SkillAction_LocateEffect8
at.SkillAction_LocateEffect12
mb.SkillAction_LocateEffect63
mm.SkillAction_LocateEffect6
su.SkillAction_LocateEffect13
el.SkillAction_LocateEffect52
Mo.SkillAction_LocateEffect13
mm.SkillAction_LocateEffect8
mm.SkillAction_LocateEffect22
mb.SkillAction_LocateEffect21
mu.SkillAction_LocateEffect30
mu.SkillAction_LocateEffect7
mu.SkillAction_LocateEffect28
qu.SkillAction_LocateEffect13
mb.SkillAction_LocateEffect10
mb.SkillAction_LocateEffect49
no.SkillAction_LocateEffect3
sp.SkillAction_LocateEffect5
ms.SkillAction_LocateEffect8
ms.SkillAction_LocateEffect7
mb.SkillAction_LocateEffect65
Shaman.SkillAction_LocateEffect0
Shaman.SkillAction_LocateEffect1
wh.SkillAction_LocateEffect12
mb.SkillAction_LocateEffect68
recovery.SkillAction_LocateEffect1
at.SkillAction_LocateEffect19
mu.SkillAction_LocateEffect24
el.SkillAction_LocateEffect11
pH.SkillAction_LocateEffect8
mu.SkillAction_LocateEffect2
el.SkillAction_LocateEffect51
el.SkillAction_LocateEffect35
wh.SkillAction_LocateEffect9
wh.SkillAction_LocateEffect13
pH.SkillAction_LocateEffect65
mu.SkillAction_LocateEffect23
at.SkillAction_LocateEffect4
sp.SkillAction_LocateEffect2
bl.SkillAction_LocateEffect2
moment.SkillAction_LocateEffect2
it.SkillAction_LocateEffect2
White.SkillAction_LocateEffect7
su.SkillAction_LocateEffect14
Sub.SkillAction_LocateEffect1
phenomenon.SkillAction_LocateEffect4
el.SkillAction_LocateEffect45
phenomenon.SkillAction_LocateEffect11
mb.SkillAction_LocateEffect14
su.SkillAction_LocateEffect15
mm.SkillAction_LocateEffect20
Mo.SkillAction_LocateEffect7
White.SkillAction_LocateEffect17
ms.SkillAction_LocateEffect4
deco.SkillAction_LocateEffect44
dwarfmagic.SkillAction_LocateEffect0
py.SkillAction_LocateEffect9
wh.SkillAction_LocateEffect7
mb.SkillAction_LocateEffect44
phenomenon.SkillAction_LocateEffect9
el.SkillAction_LocateEffect7
dp.SkillAction_LocateEffect2
el.SkillAction_LocateEffect34
Mo.SkillAction_LocateEffect10
White.SkillAction_LocateEffect1
bl.SkillAction_LocateEffect5
mu.SkillAction_LocateEffect26
at.SkillAction_LocateEffect59
sm.SkillAction_LocateEffect2
qu.SkillAction_LocateEffect3
qu.SkillAction_LocateEffect2
wh.SkillAction_LocateEffect8
el.SkillAction_LocateEffect20
su.SkillAction_LocateEffect3
mb.SkillAction_LocateEffect31
mb.SkillAction_LocateEffect80
el.SkillAction_LocateEffect13
mb.SkillAction_LocateEffect81
mm.SkillAction_LocateEffect7
qu.SkillAction_LocateEffect12
White.SkillAction_LocateEffect30
Mo.SkillAction_LocateEffect55
mb.SkillAction_LocateEffect32
py.SkillAction_LocateEffect17
White.SkillAction_LocateEffect19
dp.SkillAction_LocateEffect50
at.SkillAction_LocateEffect5
attack.SkillAction_LocateEffect1
it.SkillAction_LocateEffect6
it.SkillAction_LocateEffect12
py.SkillAction_LocateEffect6
mb.SkillAction_LocateEffect1
wh.SkillAction_LocateEffect6
oa.SkillAction_LocateEffect4
at.SkillAction_LocateEffect22
su.SkillAction_LocateEffect16
sa.SkillAction_LocateEffect22
mb.SkillAction_LocateEffect41
mu.SkillAction_LocateEffect1
el.SkillAction_LocateEffect42
White.SkillAction_LocateEffect20
mb.SkillAction_LocateEffect3
White.SkillAction_LocateEffect11
at.SkillAction_LocateEffect14
pm.SkillAction_LocateEffect3
attack.SkillAction_LocateEffect0
el.SkillAction_LocateEffect2
py.SkillAction_LocateEffect16
White.SkillAction_LocateEffect27
su.SkillAction_LocateEffect1
mb.SkillAction_LocateEffect50
pm.SkillAction_LocateEffect2
it.SkillAction_LocateEffect8
raid.SkillAction_LocateEffect1
raid.SkillAction_LocateEffect3
mb.SkillAction_LocateEffect33
mb.SkillAction_LocateEffect11
White.SkillAction_LocateEffect4
mm.SkillAction_LocateEffect3
mm.SkillAction_LocateEffect23
su.SkillAction_LocateEffect8
ms.SkillAction_LocateEffect5
dwarfmagic.SkillAction_LocateEffect1
item.SkillAction_LocateEffect76
White.SkillAction_LocateEffect36
mob_pysical.SkillAction_LocateEffect7
sp.SkillAction_LocateEffect67
Mo.SkillAction_LocateEffect5
mu.SkillAction_LocateEffect5
mb.SkillAction_LocateEffect59
White.SkillAction_LocateEffect33
bl.SkillAction_LocateEffect6
mm.SkillAction_LocateEffect9
White.SkillAction_LocateEffect14
mm.SkillAction_LocateEffect5
wh.SkillAction_LocateEffect15
sa.SkillAction_LocateEffect6
Sub.SkillAction_LocateEffect0
ms.SkillAction_LocateEffect10
sp.SkillAction_LocateEffect10
el.SkillAction_LocateEffect50
py.SkillAction_LocateEffect10
at.SkillAction_LocateEffect28
White.SkillAction_LocateEffect26
el.SkillAction_LocateEffect16
moment.SkillAction_LocateEffect1
mm.SkillAction_LocateEffect12
el.SkillAction_LocateEffect17
el.SkillAction_LocateEffect32
it.SkillAction_LocateEffect13
White.SkillAction_LocateEffect0
at.SkillAction_LocateEffect7
ms.SkillAction_LocateEffect1
py.SkillAction_LocateEffect4
item.SkillAction_LocateEffect0
pH.SkillAction_LocateEffect66
el.SkillAction_LocateEffect38
mu.SkillAction_LocateEffect3
Mo.SkillAction_LocateEffect2
Mo.SkillAction_LocateEffect4
pH.SkillAction_LocateEffect7
at.SkillAction_LocateEffect52
py.SkillAction_LocateEffect3
at.SkillAction_LocateEffect17
at.SkillAction_LocateEffect13
su.SkillAction_LocateEffect12
phenomenon.SkillAction_LocateEffect10
py.SkillAction_LocateEffect8
el.SkillAction_LocateEffect23
pH.SkillAction_LocateEffect0
mb.SkillAction_LocateEffect5
phenomenon.SkillAction_LocateEffect24
bl.SkillAction_LocateEffect0
mb.SkillAction_LocateEffect35
py.SkillAction_LocateEffect5
mb.SkillAction_LocateEffect36
mm.SkillAction_LocateEffect26
su.SkillAction_LocateEffect4
it.SkillAction_LocateEffect23
mm.SkillAction_LocateEffect11
item.SkillAction_LocateEffect1
White.SkillAction_LocateEffect2
mb.SkillAction_LocateEffect64
mb.SkillAction_LocateEffect6
Hero.SkillAction_LocateEffect5
ms.SkillAction_LocateEffect3
sp.SkillAction_LocateEffect4
it.SkillAction_LocateEffect5
mb.SkillAction_LocateEffect9
mu.SkillAction_LocateEffect22
White.SkillAction_LocateEffect21
wh.SkillAction_LocateEffect10
mm.SkillAction_LocateEffect18
el.SkillAction_LocateEffect19
at.SkillAction_LocateEffect0
White.SkillAction_LocateEffect34
su.SkillAction_LocateEffect11
mb.SkillAction_LocateEffect34
oa.SkillAction_LocateEffect3
at.SkillAction_LocateEffect26
sa.SkillAction_LocateEffect21
phenomenon.SkillAction_LocateEffect5
el.SkillAction_LocateEffect33
at.SkillAction_LocateEffect53
mb.SkillAction_LocateEffect69
mu.SkillAction_LocateEffect8
qu.SkillAction_LocateEffect9
mu.SkillAction_LocateEffect13
item.SkillAction_LocateEffect2
el.SkillAction_LocateEffect27
White.SkillAction_LocateEffect6
White.SkillAction_LocateEffect13
mm.SkillAction_LocateEffect0
mu.SkillAction_LocateEffect15
su.SkillAction_LocateEffect0
el.SkillAction_LocateEffect3
mb.SkillAction_LocateEffect62
mu.SkillAction_LocateEffect14
White.SkillAction_LocateEffect32
el.SkillAction_LocateEffect37
moment.SkillAction_LocateEffect0
bl.SkillAction_LocateEffect8
mm.SkillAction_LocateEffect10
mb.SkillAction_LocateEffect53
pH.SkillAction_LocateEffect1
bl.SkillAction_LocateEffect7
mb.SkillAction_LocateEffect66
deco.SkillAction_LocateEffect0
el.SkillAction_LocateEffect22
Hero.SkillAction_LocateEffect4
ms.SkillAction_LocateEffect0
qu.SkillAction_LocateEffect4
mu.SkillAction_LocateEffect20
Hero.SkillAction_LocateEffect0
su.SkillAction_LocateEffect18
it.SkillAction_LocateEffect24
Mo.SkillAction_LocateEffect3
mu.SkillAction_LocateEffect9
el.SkillAction_LocateEffect18
py.SkillAction_LocateEffect23
wh.SkillAction_LocateEffect2
phenomenon.SkillAction_LocateEffect0
qu.SkillAction_LocateEffect0
mb.SkillAction_LocateEffect48
el.SkillAction_LocateEffect9
wh.SkillAction_LocateEffect0
recovery.SkillAction_LocateEffect0
mb.SkillAction_LocateEffect24
el.SkillAction_LocateEffect28
at.SkillAction_LocateEffect18
nm.SkillAction_LocateEffect18
el.SkillAction_LocateEffect53
mu.SkillAction_LocateEffect19
su.SkillAction_LocateEffect6
py.SkillAction_LocateEffect2
mm.SkillAction_LocateEffect16
at.SkillAction_LocateEffect64
wh.SkillAction_LocateEffect14
mb.SkillAction_LocateEffect38
mb.SkillAction_LocateEffect70
bl.SkillAction_LocateEffect30
sp.SkillAction_LocateEffect9
mu.SkillAction_LocateEffect11
Mo.SkillAction_LocateEffect0
mb.SkillAction_LocateEffect37
moment.SkillAction_LocateEffect9
qu.SkillAction_LocateEffect1
qu.SkillAction_LocateEffect7
mb.SkillAction_LocateEffect13
moment.SkillAction_LocateEffect8
it.SkillAction_LocateEffect1
wh.SkillAction_LocateEffect16
mb.SkillAction_LocateEffect73
Mo.SkillAction_LocateEffect1
moment.SkillAction_LocateEffect7
mb.SkillAction_LocateEffect61
phenomenon.SkillAction_LocateEffect23
at.SkillAction_LocateEffect2
sp.SkillAction_LocateEffect7
phenomenon.SkillAction_LocateEffect12
White.SkillAction_LocateEffect5
py.SkillAction_LocateEffect1
it.SkillAction_LocateEffect0
no.SkillAction_LocateEffect1
da.SkillAction_LocateEffect3
pm.SkillAction_LocateEffect1
at.SkillAction_LocateEffect62
mb.SkillAction_LocateEffect0
su.SkillAction_LocateEffect2
su.SkillAction_LocateEffect9
item.SkillAction_LocateEffect3
el.SkillAction_LocateEffect15
oa.SkillAction_LocateEffect1
el.SkillAction_LocateEffect31
mu.SkillAction_LocateEffect34
bl.SkillAction_LocateEffect11
mb.SkillAction_LocateEffect27
mb.SkillAction_LocateEffect75
mb.SkillAction_LocateEffect78
el.SkillAction_LocateEffect8
el.SkillAction_LocateEffect36
el.SkillAction_LocateEffect46
mb.SkillAction_LocateEffect25
el.SkillAction_LocateEffect48
mb.SkillAction_LocateEffect56
el.SkillAction_LocateEffect1
at.SkillAction_LocateEffect8
mb.SkillAction_LocateEffect76
mm.SkillAction_LocateEffect17
sp.SkillAction_LocateEffect68
mb.SkillAction_LocateEffect7
py.SkillAction_LocateEffect12
phenomenon.SkillAction_LocateEffect7
sa.SkillAction_LocateEffect8
bl.SkillAction_LocateEffect4
su.SkillAction_LocateEffect19
wh.SkillAction_LocateEffect3
el.SkillAction_LocateEffect12
phenomenon.SkillAction_LocateEffect6
moment.SkillAction_LocateEffect6
White.SkillAction_LocateEffect25
mb.SkillAction_LocateEffect29
mm.SkillAction_LocateEffect15
White.SkillAction_LocateEffect3
mb.SkillAction_LocateEffect43
it.SkillAction_LocateEffect4
at.SkillAction_LocateEffect31
sp.SkillAction_LocateEffect0
mm.SkillAction_LocateEffect24
at.SkillAction_LocateEffect27
at.SkillAction_LocateEffect10
mb.SkillAction_LocateEffect40
phenomenon.SkillAction_LocateEffect2
oa.SkillAction_LocateEffect5
ms.SkillAction_LocateEffect2
mb.SkillAction_LocateEffect20
Mo.SkillAction_LocateEffect9
el.SkillAction_LocateEffect47
at.SkillAction_LocateEffect11
it.SkillAction_LocateEffect10
mb.SkillAction_LocateEffect30
bl.SkillAction_LocateEffect9
el.SkillAction_LocateEffect24
attack.SkillAction_LocateEffect3
sa.SkillAction_LocateEffect1
qu.SkillAction_LocateEffect15
mu.SkillAction_LocateEffect6
mu.SkillAction_LocateEffect33
mm.SkillAction_LocateEffect28
bl.SkillAction_LocateEffect1
moment.SkillAction_LocateEffect4
at.SkillAction_LocateEffect23
mm.SkillAction_LocateEffect27
su.SkillAction_LocateEffect7
mb.SkillAction_LocateEffect58
raid.SkillAction_LocateEffect0
at.SkillAction_LocateEffect63
mb.SkillAction_LocateEffect19
at.SkillAction_LocateEffect24
wh.SkillAction_LocateEffect11
mb.SkillAction_LocateEffect26
mb.SkillAction_LocateEffect77
it.SkillAction_LocateEffect9
White.SkillAction_LocateEffect15
mb
deco
Hero
dwarfmagic
Sub
pH
recovery
Shaman
sm
no
ms
pm
oa
Mo
attack
py
mob_pysical
raid
bl
item
da
su
qu
mu
White
moment
wh
dp
it
sa
el
at
mm
sp
phenomenon
nm
mu.5131
mb.5097
mb.5143
item.3630
mu.4349
moment.110
attack.401
el.1264
mu.4607
oa.346
at.358
pH.363
pH.367
sp.1356
it.323
el.1181
el.1235
el.1237
wh.1217
su.1059
Mo.86
Mo.8
su.1086
el.1239
su.1085
su.1242
wh.1045
el.1177
el.1178
wh.1048
el.1175
el.1172
pH.28
el.1220
el.1231
Mo.82
el.1171
el.1184
Mo.121
at.100
pH.116
el.1288
at.223
Mo.99
at.92
at.260
su.1078
bl.1062
sp.1233
bl.1167
oa.81
su.1058
wh.1012
mm.4334
mm.4321
mm.4319
mm.4318
mu.4322
mu.4323
Mo.78
mu.4324
mu.4325
mu.4326
mu.4329
mu.4328
mu.4327
mu.4330
mu.4331
bl.1157
sp.1087
Mo.4
mu.4289
mu.4316
it.2165
it.2166
it.2167
it.2168
wh.1044
at.190
at.263
sa.1007
it.2011
it.2042
mu.4339
el.1296
it.2177
mu.4343
mu.4352
mu.4360
mu.4346
dp.4236
py.4032
wh.1040
py.4168
wh.1016
it.2031
py.4101
pm.105
sp.1286
dp.4204
it.2003
mu.4365
mu.4366
mu.4380
it.2033
it.2008
mm.4143
raid.4515
wh.1011
mb.4683
mb.4684
no.327
sm.1111
no.325
mb.4685
mb.4688
mm.4568
mm.4562
qu.4522
qu.4527
qu.4528
at.345
el.1230
at.361
Mo.368
wh.1335
su.1069
sp.1201
bl.1168
at.353
da.348
bl.342
at.344
ms.4710
ms.4708
ms.4706
ms.4707
su.1068
su.1077
nm.4697
bl.1159
qu.4650
mm.4649
py.4641
mu.4628
mm.4606
py.4737
qu.4531
qu.4546
qu.4548
qu.4549
it.2013
mm.4210
py.4579
py.4573
su.1056
raid.4616
raid.4383
pm.279
mu.4406
White.1043
phenomenon.102
mob_pysical.4641_a
White.1035
White.1036
Hero.395
moment.72
Hero.396
phenomenon.269
phenomenon.268
phenomenon.267
phenomenon.265
phenomenon.270
phenomenon.274
phenomenon.272
phenomenon.275
phenomenon.277
phenomenon.276
phenomenon.273
mm.5023
phenomenon.264
phenomenon.271
raid.4482
raid.4478
dwarfmagic.254
mb.5019
mb.5016
mb.5014
mb.5004
mb.5012
mb.5013
mb.5009
mb.5010
mb.5007
mb.5008
mb.5011
mob_pysical.4641_b
sa.1391
item.5040
White.1217_sec
White.1031
White.1031_sec
White.1012_sec
Shaman.1010
White.1013
Sub.1240
mu.4358
White.1218
White.1018
White.1028
mb.831
mb.832
deco.5111
su.1049
moment.442
White.454
sa.1414
White.1419
mb.5094
mb.5093
mb.5096
mb.5095
deco.5103
item.3626
White.426
White.427
mm.5086
mb.5117
mb.5082
mb.5081
mb.5083
mb.5122
mb.5118
mm.4172
mb.5142
sm.3632
White.1425
recovery.69
mu.5130
moment.443
item.2291
mm.5204
sp.1206
